0 silly argv {
0 silly argv   _: [ 'version' ],
0 silly argv   'conventional-commits': true,
0 silly argv   conventionalCommits: true,
0 silly argv   lernaVersion: '5.4.3',
0 silly argv   '$0': 'node_modules\\lerna\\cli.js'
0 silly argv }
1 notice cli v5.4.3
2 verbose rootPath D:\work\winshare-ui
3 info versioning independent
4 silly isAnythingCommitted
5 verbose isAnythingCommitted 1
6 silly getCurrentBranch
7 verbose currentBranch main
8 silly remoteBranchExists
9 silly isBehindUpstream
10 error Error: Command failed with exit code 1: git remote update
10 error ssh: connect to host idp-gitlab-ssh.winshare.com.cn port 2289: Connection timed out
10 error fatal: Could not read from remote repository.
10 error
10 error Please make sure you have the correct access rights
10 error and the repository exists.
10 error error: Could not fetch origin
10 error Fetching origin
10 error     at makeError (D:\work\winshare-ui\node_modules\@lerna\child-process\node_modules\execa\lib\error.js:60:11)
10 error     at Function.module.exports.sync (D:\work\winshare-ui\node_modules\@lerna\child-process\node_modules\execa\index.js:194:17)
10 error     at Object.execSync (D:\work\winshare-ui\node_modules\@lerna\child-process\index.js:39:16)
10 error     at updateRemote (D:\work\winshare-ui\node_modules\@lerna\version\lib\is-behind-upstream.js:34:16)
10 error     at isBehindUpstream (D:\work\winshare-ui\node_modules\@lerna\version\lib\is-behind-upstream.js:16:3)
10 error     at VersionCommand.initialize (D:\work\winshare-ui\node_modules\@lerna\version\index.js:156:9)
